<?xml version="1.0" encoding="UTF-8" ?>
<testsuites>
  <testsuite errors="0" failures="0" hostname="SULTAN-PC" id="0" name="DesTests" package="ecommerce.test" skipped="0" tests="2" time="0.046" timestamp="2018-01-17T13:34:06">
      <properties>
[...]
</properties>

      <testcase classname="ecommerce.test.DesTests" name="testMultiplication" time="0.0" />

      <testcase classname="ecommerce.test.DesTests" name="testAddition" time="0.0" />

      <system-out><![CDATA[]]></system-out>

      <system-err><![CDATA[]]></system-err>

  </testsuite>
  <testsuite errors="1" failures="0" hostname="SULTAN-PC" id="1" name="MonTest4" package="ecommerce.test" skipped="0" tests="1" time="0.0" timestamp="2018-01-17T13:35:06">
      <properties>
[...]
</properties>

      <error message="ecommerce.test.MonTest4" type="java.lang.ClassNotFoundException">java.lang.ClassNotFoundException: ecommerce.test.MonTest4
	at java.net.URLClassLoader.findClass(URLClassLoader.java:381)
	at java.lang.ClassLoader.loadClass(ClassLoader.java:424)
	at sun.misc.Launcher$AppClassLoader.loadClass(Launcher.java:331)
	at java.lang.ClassLoader.loadClass(ClassLoader.java:357)
	at java.lang.Class.forName0(Native Method)
	at java.lang.Class.forName(Class.java:264)
</error>

      <system-out><![CDATA[]]></system-out>

      <system-err><![CDATA[]]></system-err>

  </testsuite>
  <testsuite errors="0" failures="1" hostname="SULTAN-PC" id="2" name="MonTestV4" package="ecommerce.test" skipped="0" tests="2" time="0.062" timestamp="2018-01-17T13:35:34">
      <properties>
[...]
</properties>

      <testcase classname="ecommerce.test.MonTestV4" name="testAdd" time="0.0" />

      <testcase classname="ecommerce.test.MonTestV4" name="testMul" time="0.0">
          <failure message="Not yet implemented" type="junit.framework.AssertionFailedError">junit.framework.AssertionFailedError: Not yet implemented
	at ecommerce.test.MonTestV4.testMul(MonTestV4.java:18)
</failure>

      </testcase>

      <system-out><![CDATA[]]></system-out>

      <system-err><![CDATA[]]></system-err>

  </testsuite>
</testsuites>
